<?xml version="1.0" encoding="UTF-8"?>
<testsuite xmlns:xsi="http://www.w3.org/2001/XMLSchema-instance" xsi:noNamespaceSchemaLocation="https://maven.apache.org/surefire/maven-surefire-plugin/xsd/surefire-test-report-3.0.xsd" version="3.0" name="com.store.app.model.ProductTest" time="0.029" tests="5" errors="0" skipped="0" failures="0">
  <properties>
[...]
</properties>
  <testcase name="testPriceWithDecimalValues" classname="com.store.app.model.ProductTest" time="0.002"/>
  <testcase name="testParameterizedConstructor" classname="com.store.app.model.ProductTest" time="0.001"/>
  <testcase name="testSettersAndGetters" classname="com.store.app.model.ProductTest" time="0.003"/>
  <testcase name="testProductEquality" classname="com.store.app.model.ProductTest" time="0.002"/>
  <testcase name="testDefaultConstructor" classname="com.store.app.model.ProductTest" time="0.003"/>
</testsuite>